<?xml version="1.0" encoding="UTF-8"?>
<testsuite xmlns:xsi="http://www.w3.org/2001/XMLSchema-instance" xsi:noNamespaceSchemaLocation="https://maven.apache.org/surefire/maven-surefire-plugin/xsd/surefire-test-report-3.0.xsd" version="3.0" name="bucket_dynamo.S3ToDynamoDBTest" time="1.656" tests="1" errors="0" skipped="0" failures="0">
  <properties>
    <property name="java.specification.version" value="21"/>
    <property name="sun.cpu.isalist" value="amd64"/>
    <property name="sun.jnu.encoding" value="Cp1252"/>
    <property name="java.class.path" value="C:\Users\jorgealfonso\Mi Carpeta\Proyectos\Capacitaciones\WriteDynamoDB\S3DynamoDBFunction\target\test-classes;C:\Users\jorgealfonso\Mi Carpeta\Proyectos\Capacitaciones\WriteDynamoDB\S3DynamoDBFunction\target\classes;C:\Users\jorgealfonso\.m2\repository\com\amazonaws\aws-lambda-java-core\1.2.1\aws-lambda-java-core-1.2.1.jar;C:\Users\jorgealfonso\.m2\repository\com\amazonaws\aws-lambda-java-events\3.11.0\aws-lambda-java-events-3.11.0.jar;C:\Users\jorgealfonso\.m2\repository\joda-time\joda-time\2.6\joda-time-2.6.jar;C:\Users\jorgealfonso\.m2\repository\software\amazon\awssdk\s3\2.28.23\s3-2.28.23.jar;C:\Users\jorgealfonso\.m2\repository\software\amazon\awssdk\aws-xml-protocol\2.28.23\aws-xml-protocol-2.28.23.jar;C:\Users\jorgealfonso\.m2\repository\software\amazon\awssdk\aws-query-protocol\2.28.23\aws-query-protocol-2.28.23.jar;C:\Users\jorgealfonso\.m2\repository\software\amazon\awssdk\protocol-core\2.28.23\protocol-core-2.28.23.jar;C:\Users\jorgealfonso\.m2\repository\software\amazon\awssdk\arns\2.28.23\arns-2.28.23.jar;C:\Users\jorgealfonso\.m2\repository\software\amazon\awssdk\profiles\2.28.23\profiles-2.28.23.jar;C:\Users\jorgealfonso\.m2\repository\software\amazon\awssdk\crt-core\2.28.23\crt-core-2.28.23.jar;C:\Users\jorgealfonso\.m2\repository\software\amazon\awssdk\http-auth\2.28.23\http-auth-2.28.23.jar;C:\Users\jorgealfonso\.m2\repository\software\amazon\awssdk\identity-spi\2.28.23\identity-spi-2.28.23.jar;C:\Users\jorgealfonso\.m2\repository\software\amazon\awssdk\http-auth-spi\2.28.23\http-auth-spi-2.28.23.jar;C:\Users\jorgealfonso\.m2\repository\org\reactivestreams\reactive-streams\1.0.4\reactive-streams-1.0.4.jar;C:\Users\jorgealfonso\.m2\repository\software\amazon\awssdk\http-auth-aws\2.28.23\http-auth-aws-2.28.23.jar;C:\Users\jorgealfonso\.m2\repository\software\amazon\awssdk\checksums\2.28.23\checksums-2.28.23.jar;C:\Users\jorgealfonso\.m2\repository\software\amazon\awssdk\checksums-spi\2.28.23\checksums-spi-2.28.23.jar;C:\Users\jorgealfonso\.m2\repository\software\amazon\awssdk\retries-spi\2.28.23\retries-spi-2.28.23.jar;C:\Users\jorgealfonso\.m2\repository\software\amazon\awssdk\sdk-core\2.28.23\sdk-core-2.28.23.jar;C:\Users\jorgealfonso\.m2\repository\software\amazon\awssdk\retries\2.28.23\retries-2.28.23.jar;C:\Users\jorgealfonso\.m2\repository\software\amazon\awssdk\auth\2.28.23\auth-2.28.23.jar;C:\Users\jorgealfonso\.m2\repository\software\amazon\awssdk\http-auth-aws-eventstream\2.28.23\http-auth-aws-eventstream-2.28.23.jar;C:\Users\jorgealfonso\.m2\repository\software\amazon\eventstream\eventstream\1.0.1\eventstream-1.0.1.jar;C:\Users\jorgealfonso\.m2\repository\software\amazon\awssdk\http-client-spi\2.28.23\http-client-spi-2.28.23.jar;C:\Users\jorgealfonso\.m2\repository\software\amazon\awssdk\regions\2.28.23\regions-2.28.23.jar;C:\Users\jorgealfonso\.m2\repository\software\amazon\awssdk\annotations\2.28.23\annotations-2.28.23.jar;C:\Users\jorgealfonso\.m2\repository\software\amazon\awssdk\utils\2.28.23\utils-2.28.23.jar;C:\Users\jorgealfonso\.m2\repository\software\amazon\awssdk\aws-core\2.28.23\aws-core-2.28.23.jar;C:\Users\jorgealfonso\.m2\repository\software\amazon\awssdk\metrics-spi\2.28.23\metrics-spi-2.28.23.jar;C:\Users\jorgealfonso\.m2\repository\software\amazon\awssdk\json-utils\2.28.23\json-utils-2.28.23.jar;C:\Users\jorgealfonso\.m2\repository\software\amazon\awssdk\third-party-jackson-core\2.28.23\third-party-jackson-core-2.28.23.jar;C:\Users\jorgealfonso\.m2\repository\software\amazon\awssdk\endpoints-spi\2.28.23\endpoints-spi-2.28.23.jar;C:\Users\jorgealfonso\.m2\repository\software\amazon\awssdk\apache-client\2.28.23\apache-client-2.28.23.jar;C:\Users\jorgealfonso\.m2\repository\org\apache\httpcomponents\httpclient\4.5.13\httpclient-4.5.13.jar;C:\Users\jorgealfonso\.m2\repository\commons-logging\commons-logging\1.2\commons-logging-1.2.jar;C:\Users\jorgealfonso\.m2\repository\org\apache\httpcomponents\httpcore\4.4.16\httpcore-4.4.16.jar;C:\Users\jorgealfonso\.m2\repository\commons-codec\commons-codec\1.17.1\commons-codec-1.17.1.jar;C:\Users\jorgealfonso\.m2\repository\software\amazon\awssdk\netty-nio-client\2.28.23\netty-nio-client-2.28.23.jar;C:\Users\jorgealfonso\.m2\repository\io\netty\netty-codec-http\4.1.112.Final\netty-codec-http-4.1.112.Final.jar;C:\Users\jorgealfonso\.m2\repository\io\netty\netty-codec-http2\4.1.112.Final\netty-codec-http2-4.1.112.Final.jar;C:\Users\jorgealfonso\.m2\repository\io\netty\netty-codec\4.1.112.Final\netty-codec-4.1.112.Final.jar;C:\Users\jorgealfonso\.m2\repository\io\netty\netty-transport\4.1.112.Final\netty-transport-4.1.112.Final.jar;C:\Users\jorgealfonso\.m2\repository\io\netty\netty-common\4.1.112.Final\netty-common-4.1.112.Final.jar;C:\Users\jorgealfonso\.m2\repository\io\netty\netty-buffer\4.1.112.Final\netty-buffer-4.1.112.Final.jar;C:\Users\jorgealfonso\.m2\repository\io\netty\netty-handler\4.1.112.Final\netty-handler-4.1.112.Final.jar;C:\Users\jorgealfonso\.m2\repository\io\netty\netty-transport-native-unix-common\4.1.112.Final\netty-transport-native-unix-common-4.1.112.Final.jar;C:\Users\jorgealfonso\.m2\repository\io\netty\netty-transport-classes-epoll\4.1.112.Final\netty-transport-classes-epoll-4.1.112.Final.jar;C:\Users\jorgealfonso\.m2\repository\io\netty\netty-resolver\4.1.112.Final\netty-resolver-4.1.112.Final.jar;C:\Users\jorgealfonso\.m2\repository\software\amazon\awssdk\dynamodb\2.28.23\dynamodb-2.28.23.jar;C:\Users\jorgealfonso\.m2\repository\software\amazon\awssdk\aws-json-protocol\2.28.23\aws-json-protocol-2.28.23.jar;C:\Users\jorgealfonso\.m2\repository\org\junit\jupiter\junit-jupiter\5.8.2\junit-jupiter-5.8.2.jar;C:\Users\jorgealfonso\.m2\repository\org\junit\jupiter\junit-jupiter-api\5.8.2\junit-jupiter-api-5.8.2.jar;C:\Users\jorgealfonso\.m2\repository\org\opentest4j\opentest4j\1.2.0\opentest4j-1.2.0.jar;C:\Users\jorgealfonso\.m2\repository\org\junit\platform\junit-platform-commons\1.8.2\junit-platform-commons-1.8.2.jar;C:\Users\jorgealfonso\.m2\repository\org\apiguardian\apiguardian-api\1.1.2\apiguardian-api-1.1.2.jar;C:\Users\jorgealfonso\.m2\repository\org\junit\jupiter\junit-jupiter-params\5.8.2\junit-jupiter-params-5.8.2.jar;C:\Users\jorgealfonso\.m2\repository\org\junit\jupiter\junit-jupiter-engine\5.8.2\junit-jupiter-engine-5.8.2.jar;C:\Users\jorgealfonso\.m2\repository\org\junit\platform\junit-platform-engine\1.8.2\junit-platform-engine-1.8.2.jar;C:\Users\jorgealfonso\.m2\repository\org\mockito\mockito-core\3.12.4\mockito-core-3.12.4.jar;C:\Users\jorgealfonso\.m2\repository\net\bytebuddy\byte-buddy\1.11.13\byte-buddy-1.11.13.jar;C:\Users\jorgealfonso\.m2\repository\net\bytebuddy\byte-buddy-agent\1.11.13\byte-buddy-agent-1.11.13.jar;C:\Users\jorgealfonso\.m2\repository\org\objenesis\objenesis\3.2\objenesis-3.2.jar;C:\Users\jorgealfonso\.m2\repository\org\slf4j\slf4j-simple\2.0.16\slf4j-simple-2.0.16.jar;C:\Users\jorgealfonso\.m2\repository\org\slf4j\slf4j-api\2.0.16\slf4j-api-2.0.16.jar;C:\Users\jorgealfonso\.m2\repository\com\fasterxml\jackson\core\jackson-databind\2.18.0\jackson-databind-2.18.0.jar;C:\Users\jorgealfonso\.m2\repository\com\fasterxml\jackson\core\jackson-annotations\2.18.0\jackson-annotations-2.18.0.jar;C:\Users\jorgealfonso\.m2\repository\com\fasterxml\jackson\core\jackson-core\2.18.0\jackson-core-2.18.0.jar;"/>
    <property name="java.vm.vendor" value="Oracle Corporation"/>
    <property name="sun.arch.data.model" value="64"/>
    <property name="user.variant" value=""/>
    <property name="java.vendor.url" value="https://java.oracle.com/"/>
    <property name="user.timezone" value="America/Bogota"/>
    <property name="os.name" value="Windows 11"/>
    <property name="java.vm.specification.version" value="21"/>
    <property name="sun.java.launcher" value="SUN_STANDARD"/>
    <property name="user.country" value="CO"/>
    <property name="sun.boot.library.path" value="C:\Program Files\Java\jdk-21\bin"/>
    <property name="sun.java.command" value="C:\Users\jorgealfonso\AppData\Local\Temp\surefire6519864529832303284\surefirebooter-20241024111335251_3.jar C:\Users\jorgealfonso\AppData\Local\Temp\surefire6519864529832303284 2024-10-24T11-13-35_110-jvmRun1 surefire-20241024111335251_1tmp surefire_0-20241024111335251_2tmp"/>
    <property name="jdk.debug" value="release"/>
    <property name="surefire.test.class.path" value="C:\Users\jorgealfonso\Mi Carpeta\Proyectos\Capacitaciones\WriteDynamoDB\S3DynamoDBFunction\target\test-classes;C:\Users\jorgealfonso\Mi Carpeta\Proyectos\Capacitaciones\WriteDynamoDB\S3DynamoDBFunction\target\classes;C:\Users\jorgealfonso\.m2\repository\com\amazonaws\aws-lambda-java-core\1.2.1\aws-lambda-java-core-1.2.1.jar;C:\Users\jorgealfonso\.m2\repository\com\amazonaws\aws-lambda-java-events\3.11.0\aws-lambda-java-events-3.11.0.jar;C:\Users\jorgealfonso\.m2\repository\joda-time\joda-time\2.6\joda-time-2.6.jar;C:\Users\jorgealfonso\.m2\repository\software\amazon\awssdk\s3\2.28.23\s3-2.28.23.jar;C:\Users\jorgealfonso\.m2\repository\software\amazon\awssdk\aws-xml-protocol\2.28.23\aws-xml-protocol-2.28.23.jar;C:\Users\jorgealfonso\.m2\repository\software\amazon\awssdk\aws-query-protocol\2.28.23\aws-query-protocol-2.28.23.jar;C:\Users\jorgealfonso\.m2\repository\software\amazon\awssdk\protocol-core\2.28.23\protocol-core-2.28.23.jar;C:\Users\jorgealfonso\.m2\repository\software\amazon\awssdk\arns\2.28.23\arns-2.28.23.jar;C:\Users\jorgealfonso\.m2\repository\software\amazon\awssdk\profiles\2.28.23\profiles-2.28.23.jar;C:\Users\jorgealfonso\.m2\repository\software\amazon\awssdk\crt-core\2.28.23\crt-core-2.28.23.jar;C:\Users\jorgealfonso\.m2\repository\software\amazon\awssdk\http-auth\2.28.23\http-auth-2.28.23.jar;C:\Users\jorgealfonso\.m2\repository\software\amazon\awssdk\identity-spi\2.28.23\identity-spi-2.28.23.jar;C:\Users\jorgealfonso\.m2\repository\software\amazon\awssdk\http-auth-spi\2.28.23\http-auth-spi-2.28.23.jar;C:\Users\jorgealfonso\.m2\repository\org\reactivestreams\reactive-streams\1.0.4\reactive-streams-1.0.4.jar;C:\Users\jorgealfonso\.m2\repository\software\amazon\awssdk\http-auth-aws\2.28.23\http-auth-aws-2.28.23.jar;C:\Users\jorgealfonso\.m2\repository\software\amazon\awssdk\checksums\2.28.23\checksums-2.28.23.jar;C:\Users\jorgealfonso\.m2\repository\software\amazon\awssdk\checksums-spi\2.28.23\checksums-spi-2.28.23.jar;C:\Users\jorgealfonso\.m2\repository\software\amazon\awssdk\retries-spi\2.28.23\retries-spi-2.28.23.jar;C:\Users\jorgealfonso\.m2\repository\software\amazon\awssdk\sdk-core\2.28.23\sdk-core-2.28.23.jar;C:\Users\jorgealfonso\.m2\repository\software\amazon\awssdk\retries\2.28.23\retries-2.28.23.jar;C:\Users\jorgealfonso\.m2\repository\software\amazon\awssdk\auth\2.28.23\auth-2.28.23.jar;C:\Users\jorgealfonso\.m2\repository\software\amazon\awssdk\http-auth-aws-eventstream\2.28.23\http-auth-aws-eventstream-2.28.23.jar;C:\Users\jorgealfonso\.m2\repository\software\amazon\eventstream\eventstream\1.0.1\eventstream-1.0.1.jar;C:\Users\jorgealfonso\.m2\repository\software\amazon\awssdk\http-client-spi\2.28.23\http-client-spi-2.28.23.jar;C:\Users\jorgealfonso\.m2\repository\software\amazon\awssdk\regions\2.28.23\regions-2.28.23.jar;C:\Users\jorgealfonso\.m2\repository\software\amazon\awssdk\annotations\2.28.23\annotations-2.28.23.jar;C:\Users\jorgealfonso\.m2\repository\software\amazon\awssdk\utils\2.28.23\utils-2.28.23.jar;C:\Users\jorgealfonso\.m2\repository\software\amazon\awssdk\aws-core\2.28.23\aws-core-2.28.23.jar;C:\Users\jorgealfonso\.m2\repository\software\amazon\awssdk\metrics-spi\2.28.23\metrics-spi-2.28.23.jar;C:\Users\jorgealfonso\.m2\repository\software\amazon\awssdk\json-utils\2.28.23\json-utils-2.28.23.jar;C:\Users\jorgealfonso\.m2\repository\software\amazon\awssdk\third-party-jackson-core\2.28.23\third-party-jackson-core-2.28.23.jar;C:\Users\jorgealfonso\.m2\repository\software\amazon\awssdk\endpoints-spi\2.28.23\endpoints-spi-2.28.23.jar;C:\Users\jorgealfonso\.m2\repository\software\amazon\awssdk\apache-client\2.28.23\apache-client-2.28.23.jar;C:\Users\jorgealfonso\.m2\repository\org\apache\httpcomponents\httpclient\4.5.13\httpclient-4.5.13.jar;C:\Users\jorgealfonso\.m2\repository\commons-logging\commons-logging\1.2\commons-logging-1.2.jar;C:\Users\jorgealfonso\.m2\repository\org\apache\httpcomponents\httpcore\4.4.16\httpcore-4.4.16.jar;C:\Users\jorgealfonso\.m2\repository\commons-codec\commons-codec\1.17.1\commons-codec-1.17.1.jar;C:\Users\jorgealfonso\.m2\repository\software\amazon\awssdk\netty-nio-client\2.28.23\netty-nio-client-2.28.23.jar;C:\Users\jorgealfonso\.m2\repository\io\netty\netty-codec-http\4.1.112.Final\netty-codec-http-4.1.112.Final.jar;C:\Users\jorgealfonso\.m2\repository\io\netty\netty-codec-http2\4.1.112.Final\netty-codec-http2-4.1.112.Final.jar;C:\Users\jorgealfonso\.m2\repository\io\netty\netty-codec\4.1.112.Final\netty-codec-4.1.112.Final.jar;C:\Users\jorgealfonso\.m2\repository\io\netty\netty-transport\4.1.112.Final\netty-transport-4.1.112.Final.jar;C:\Users\jorgealfonso\.m2\repository\io\netty\netty-common\4.1.112.Final\netty-common-4.1.112.Final.jar;C:\Users\jorgealfonso\.m2\repository\io\netty\netty-buffer\4.1.112.Final\netty-buffer-4.1.112.Final.jar;C:\Users\jorgealfonso\.m2\repository\io\netty\netty-handler\4.1.112.Final\netty-handler-4.1.112.Final.jar;C:\Users\jorgealfonso\.m2\repository\io\netty\netty-transport-native-unix-common\4.1.112.Final\netty-transport-native-unix-common-4.1.112.Final.jar;C:\Users\jorgealfonso\.m2\repository\io\netty\netty-transport-classes-epoll\4.1.112.Final\netty-transport-classes-epoll-4.1.112.Final.jar;C:\Users\jorgealfonso\.m2\repository\io\netty\netty-resolver\4.1.112.Final\netty-resolver-4.1.112.Final.jar;C:\Users\jorgealfonso\.m2\repository\software\amazon\awssdk\dynamodb\2.28.23\dynamodb-2.28.23.jar;C:\Users\jorgealfonso\.m2\repository\software\amazon\awssdk\aws-json-protocol\2.28.23\aws-json-protocol-2.28.23.jar;C:\Users\jorgealfonso\.m2\repository\org\junit\jupiter\junit-jupiter\5.8.2\junit-jupiter-5.8.2.jar;C:\Users\jorgealfonso\.m2\repository\org\junit\jupiter\junit-jupiter-api\5.8.2\junit-jupiter-api-5.8.2.jar;C:\Users\jorgealfonso\.m2\repository\org\opentest4j\opentest4j\1.2.0\opentest4j-1.2.0.jar;C:\Users\jorgealfonso\.m2\repository\org\junit\platform\junit-platform-commons\1.8.2\junit-platform-commons-1.8.2.jar;C:\Users\jorgealfonso\.m2\repository\org\apiguardian\apiguardian-api\1.1.2\apiguardian-api-1.1.2.jar;C:\Users\jorgealfonso\.m2\repository\org\junit\jupiter\junit-jupiter-params\5.8.2\junit-jupiter-params-5.8.2.jar;C:\Users\jorgealfonso\.m2\repository\org\junit\jupiter\junit-jupiter-engine\5.8.2\junit-jupiter-engine-5.8.2.jar;C:\Users\jorgealfonso\.m2\repository\org\junit\platform\junit-platform-engine\1.8.2\junit-platform-engine-1.8.2.jar;C:\Users\jorgealfonso\.m2\repository\org\mockito\mockito-core\3.12.4\mockito-core-3.12.4.jar;C:\Users\jorgealfonso\.m2\repository\net\bytebuddy\byte-buddy\1.11.13\byte-buddy-1.11.13.jar;C:\Users\jorgealfonso\.m2\repository\net\bytebuddy\byte-buddy-agent\1.11.13\byte-buddy-agent-1.11.13.jar;C:\Users\jorgealfonso\.m2\repository\org\objenesis\objenesis\3.2\objenesis-3.2.jar;C:\Users\jorgealfonso\.m2\repository\org\slf4j\slf4j-simple\2.0.16\slf4j-simple-2.0.16.jar;C:\Users\jorgealfonso\.m2\repository\org\slf4j\slf4j-api\2.0.16\slf4j-api-2.0.16.jar;C:\Users\jorgealfonso\.m2\repository\com\fasterxml\jackson\core\jackson-databind\2.18.0\jackson-databind-2.18.0.jar;C:\Users\jorgealfonso\.m2\repository\com\fasterxml\jackson\core\jackson-annotations\2.18.0\jackson-annotations-2.18.0.jar;C:\Users\jorgealfonso\.m2\repository\com\fasterxml\jackson\core\jackson-core\2.18.0\jackson-core-2.18.0.jar;"/>
    <property name="sun.cpu.endian" value="little"/>
    <property name="user.home" value="C:\Users\jorgealfonso"/>
    <property name="user.language" value="es"/>
    <property name="java.specification.vendor" value="Oracle Corporation"/>
    <property name="java.version.date" value="2024-07-16"/>
    <property name="java.home" value="C:\Program Files\Java\jdk-21"/>
    <property name="file.separator" value="\"/>
    <property name="basedir" value="C:\Users\jorgealfonso\Mi Carpeta\Proyectos\Capacitaciones\WriteDynamoDB\S3DynamoDBFunction"/>
    <property name="java.vm.compressedOopsMode" value="32-bit"/>
    <property name="line.separator" value="&#10;"/>
    <property name="java.vm.specification.vendor" value="Oracle Corporation"/>
    <property name="java.specification.name" value="Java Platform API Specification"/>
    <property name="surefire.real.class.path" value="C:\Users\jorgealfonso\AppData\Local\Temp\surefire6519864529832303284\surefirebooter-20241024111335251_3.jar"/>
    <property name="user.script" value=""/>
    <property name="sun.management.compiler" value="HotSpot 64-Bit Tiered Compilers"/>
    <property name="java.runtime.version" value="21.0.4+8-LTS-274"/>
    <property name="user.name" value="jorgealfonso"/>
    <property name="stdout.encoding" value="Cp1252"/>
    <property name="path.separator" value=";"/>
    <property name="os.version" value="10.0"/>
    <property name="java.runtime.name" value="Java(TM) SE Runtime Environment"/>
    <property name="file.encoding" value="UTF-8"/>
    <property name="java.vm.name" value="Java HotSpot(TM) 64-Bit Server VM"/>
    <property name="localRepository" value="C:\Users\jorgealfonso\.m2\repository"/>
    <property name="java.vendor.url.bug" value="https://bugreport.java.com/bugreport/"/>
    <property name="java.io.tmpdir" value="C:\Users\JORGEA~1\AppData\Local\Temp\"/>
    <property name="java.version" value="21.0.4"/>
    <property name="user.dir" value="C:\Users\jorgealfonso\Mi Carpeta\Proyectos\Capacitaciones\WriteDynamoDB\S3DynamoDBFunction"/>
    <property name="os.arch" value="amd64"/>
    <property name="java.vm.specification.name" value="Java Virtual Machine Specification"/>
    <property name="sun.os.patch.level" value=""/>
    <property name="native.encoding" value="Cp1252"/>
    <property name="java.library.path" value="C:\Program Files\Java\jdk-21\bin;C:\Windows\Sun\Java\bin;C:\Windows\system32;C:\Windows;C:\Windows\system32;C:\Windows;C:\Windows\System32\Wbem;C:\Windows\System32\WindowsPowerShell\v1.0\;C:\Windows\System32\OpenSSH\;C:\Program Files\nodejs\;C:\Program Files\Amazon\AWSCLIV2\;C:\Program Files\Docker\Docker\resources\bin;C:\Program Files\Java\jdk-21\bin;C:\apache-maven-3.9.9\bin;C:\Program Files\Amazon\AWSSAMCLI\bin\;C:\Users\jorgealfonso\AppData\Local\Microsoft\WindowsApps;C:\Users\jorgealfonso\AppData\Local\Programs\Microsoft VS Code\bin;C:\Program Files\Java\jdk-21\bin;C:\apache-maven-3.9.9\bin;C:\Users\jorgealfonso\AppData\Local\Programs\Git\cmd;C:\Users\jorgealfonso\AppData\Roaming\npm;;."/>
    <property name="java.vm.info" value="mixed mode, sharing"/>
    <property name="stderr.encoding" value="Cp1252"/>
    <property name="java.vendor" value="Oracle Corporation"/>
    <property name="java.vm.version" value="21.0.4+8-LTS-274"/>
    <property name="sun.io.unicode.encoding" value="UnicodeLittle"/>
    <property name="java.class.version" value="65.0"/>
  </properties>
  <testcase name="testHandleRequest" classname="bucket_dynamo.S3ToDynamoDBTest" time="1.634">
    <system-err><![CDATA[[main] INFO bucket_dynamo.S3ToDynamoDB - handleRequest: 
[main] INFO bucket_dynamo.S3ToDynamoDB - isValidRecord: 
[main] INFO bucket_dynamo.S3ToDynamoDB - createTable: 
[main] INFO bucket_dynamo.S3ToDynamoDB - waitForTableToExist: 
[main] INFO bucket_dynamo.S3ToDynamoDB - processRecord: 
[main] INFO bucket_dynamo.S3ToDynamoDB - srcBucket: periferia-s3-demo, srcKey: event-jdao/Documentos/test-object.txt
[main] INFO bucket_dynamo.S3ToDynamoDB - getObjectResponse: 
[main] INFO bucket_dynamo.S3ToDynamoDB - createFileItem: 
[main] INFO bucket_dynamo.S3ToDynamoDB - createFileItem: 
[main] INFO bucket_dynamo.S3ToDynamoDB - createFileItem: 
[main] INFO bucket_dynamo.S3ToDynamoDB - respuesta 3
[main] INFO bucket_dynamo.S3ToDynamoDB - insertDynamo: 
[main] INFO bucket_dynamo.S3ToDynamoDB - insertDynamo keyvalue: AttributeValue(S=e51adc96-5d4f-4c16-80a3-fb28cf03bbaf) 
[main] INFO bucket_dynamo.S3ToDynamoDB - insertDynamo keyvalue: AttributeValue(S=ea8ed981-d42b-46df-8ce7-87fadaa3d861) 
[main] INFO bucket_dynamo.S3ToDynamoDB - insertDynamo keyvalue: AttributeValue(S=4a039a15-3531-4939-af75-e417446601da) 
]]></system-err>
  </testcase>
</testsuite>